# Logfile created on Sun Mar 13 18:49:29 -0400 2011

Processing HomeController#index (for 127.0.0.1 at 2011-03-13 18:49:37) [GET]
  Parameters: {"action"=>"index", "controller"=>"home"}

ActiveRecord::StatementInvalid (SQLite3::SQLException: no such table: events: SELECT * FROM "events" WHERE (start_at BETWEEN '2011-03-13 18:49:30' AND '2011-03-27 18:49:30')  ORDER BY start_at ASC):
  app/controllers/home_controller.rb:6:in `index'
  /Users/mattorcutt/.rvm/rubies/ruby-1.8.7-p302/lib/ruby/1.8/webrick/httpserver.rb:104:in `service'
  /Users/mattorcutt/.rvm/rubies/ruby-1.8.7-p302/lib/ruby/1.8/webrick/httpserver.rb:65:in `run'
  /Users/mattorcutt/.rvm/rubies/ruby-1.8.7-p302/lib/ruby/1.8/webrick/server.rb:173:in `start_thread'
  /Users/mattorcutt/.rvm/rubies/ruby-1.8.7-p302/lib/ruby/1.8/webrick/server.rb:162:in `start'
  /Users/mattorcutt/.rvm/rubies/ruby-1.8.7-p302/lib/ruby/1.8/webrick/server.rb:162:in `start_thread'
  /Users/mattorcutt/.rvm/rubies/ruby-1.8.7-p302/lib/ruby/1.8/webrick/server.rb:95:in `start'
  /Users/mattorcutt/.rvm/rubies/ruby-1.8.7-p302/lib/ruby/1.8/webrick/server.rb:92:in `each'
  /Users/mattorcutt/.rvm/rubies/ruby-1.8.7-p302/lib/ruby/1.8/webrick/server.rb:92:in `start'
  /Users/mattorcutt/.rvm/rubies/ruby-1.8.7-p302/lib/ruby/1.8/webrick/server.rb:23:in `start'
  /Users/mattorcutt/.rvm/rubies/ruby-1.8.7-p302/lib/ruby/1.8/webrick/server.rb:82:in `start'

Rendering rescues/layout (internal_server_error)


Processing HomeController#index (for 127.0.0.1 at 2011-03-13 18:49:41) [GET]
  Parameters: {"action"=>"index", "controller"=>"home"}

ActiveRecord::StatementInvalid (SQLite3::SQLException: no such table: events: SELECT * FROM "events" WHERE (start_at BETWEEN '2011-03-13 18:49:30' AND '2011-03-27 18:49:30')  ORDER BY start_at ASC):
  app/controllers/home_controller.rb:6:in `index'
  /Users/mattorcutt/.rvm/rubies/ruby-1.8.7-p302/lib/ruby/1.8/webrick/httpserver.rb:104:in `service'
  /Users/mattorcutt/.rvm/rubies/ruby-1.8.7-p302/lib/ruby/1.8/webrick/httpserver.rb:65:in `run'
  /Users/mattorcutt/.rvm/rubies/ruby-1.8.7-p302/lib/ruby/1.8/webrick/server.rb:173:in `start_thread'
  /Users/mattorcutt/.rvm/rubies/ruby-1.8.7-p302/lib/ruby/1.8/webrick/server.rb:162:in `start'
  /Users/mattorcutt/.rvm/rubies/ruby-1.8.7-p302/lib/ruby/1.8/webrick/server.rb:162:in `start_thread'
  /Users/mattorcutt/.rvm/rubies/ruby-1.8.7-p302/lib/ruby/1.8/webrick/server.rb:95:in `start'
  /Users/mattorcutt/.rvm/rubies/ruby-1.8.7-p302/lib/ruby/1.8/webrick/server.rb:92:in `each'
  /Users/mattorcutt/.rvm/rubies/ruby-1.8.7-p302/lib/ruby/1.8/webrick/server.rb:92:in `start'
  /Users/mattorcutt/.rvm/rubies/ruby-1.8.7-p302/lib/ruby/1.8/webrick/server.rb:23:in `start'
  /Users/mattorcutt/.rvm/rubies/ruby-1.8.7-p302/lib/ruby/1.8/webrick/server.rb:82:in `start'

Rendering rescues/layout (internal_server_error)


Processing HomeController#index (for 127.0.0.1 at 2011-03-13 18:49:44) [GET]
  Parameters: {"action"=>"index", "controller"=>"home"}

ActiveRecord::StatementInvalid (SQLite3::SQLException: no such table: events: SELECT * FROM "events" WHERE (start_at BETWEEN '2011-03-13 18:49:30' AND '2011-03-27 18:49:30')  ORDER BY start_at ASC):
  app/controllers/home_controller.rb:6:in `index'
  /Users/mattorcutt/.rvm/rubies/ruby-1.8.7-p302/lib/ruby/1.8/webrick/httpserver.rb:104:in `service'
  /Users/mattorcutt/.rvm/rubies/ruby-1.8.7-p302/lib/ruby/1.8/webrick/httpserver.rb:65:in `run'
  /Users/mattorcutt/.rvm/rubies/ruby-1.8.7-p302/lib/ruby/1.8/webrick/server.rb:173:in `start_thread'
  /Users/mattorcutt/.rvm/rubies/ruby-1.8.7-p302/lib/ruby/1.8/webrick/server.rb:162:in `start'
  /Users/mattorcutt/.rvm/rubies/ruby-1.8.7-p302/lib/ruby/1.8/webrick/server.rb:162:in `start_thread'
  /Users/mattorcutt/.rvm/rubies/ruby-1.8.7-p302/lib/ruby/1.8/webrick/server.rb:95:in `start'
  /Users/mattorcutt/.rvm/rubies/ruby-1.8.7-p302/lib/ruby/1.8/webrick/server.rb:92:in `each'
  /Users/mattorcutt/.rvm/rubies/ruby-1.8.7-p302/lib/ruby/1.8/webrick/server.rb:92:in `start'
  /Users/mattorcutt/.rvm/rubies/ruby-1.8.7-p302/lib/ruby/1.8/webrick/server.rb:23:in `start'
  /Users/mattorcutt/.rvm/rubies/ruby-1.8.7-p302/lib/ruby/1.8/webrick/server.rb:82:in `start'

Rendering rescues/layout (internal_server_error)
